2024-06-10 18:11:37 INFO  Version:21 - HV000001: Hibernate Validator 8.0.0.Final
2024-06-10 18:11:37 INFO  EmployeeApplication:50 - Starting EmployeeApplication using Java 22.0.1 with PID 632 (C:\Users\Omkar Regade\Desktop\Study\SpringBoot\Employee\target\classes started by Omkar Regade in C:\Users\Omkar Regade\Desktop\Study\SpringBoot\Employee)
2024-06-10 18:11:37 INFO  EmployeeApplication:654 - No active profile set, falling back to 1 default profile: "default"
2024-06-10 18:11:37 INFO  DevToolsPropertyDefaultsPostProcessor:252 - Devtools property defaults active! Set 'spring.devtools.add-properties' to 'false' to disable
2024-06-10 18:11:37 INFO  DevToolsPropertyDefaultsPostProcessor:252 - For additional web related logging consider setting the 'logging.level.web' property to 'DEBUG'
2024-06-10 18:11:38 INFO  RepositoryConfigurationDelegate:143 - Bootstrapping Spring Data JPA repositories in DEFAULT mode.
2024-06-10 18:11:38 INFO  RepositoryConfigurationDelegate:211 - Finished Spring Data repository scanning in 57 ms. Found 2 JPA repository interfaces.
2024-06-10 18:11:38 INFO  TomcatWebServer:111 - Tomcat initialized with port 8080 (http)
2024-06-10 18:11:38 INFO  Http11NioProtocol:173 - Initializing ProtocolHandler ["http-nio-8080"]
2024-06-10 18:11:38 INFO  StandardService:173 - Starting service [Tomcat]
2024-06-10 18:11:38 INFO  StandardEngine:173 - Starting Servlet engine: [Apache Tomcat/10.1.24]
2024-06-10 18:11:38 INFO  [/]:173 - Initializing Spring embedded WebApplicationContext
2024-06-10 18:11:38 INFO  ServletWebServerApplicationContext:296 - Root WebApplicationContext: initialization completed in 1709 ms
2024-06-10 18:11:39 INFO  LogHelper:31 - HHH000204: Processing PersistenceUnitInfo [name: default]
2024-06-10 18:11:39 INFO  Version:44 - HHH000412: Hibernate ORM core version 6.5.2.Final
2024-06-10 18:11:39 INFO  RegionFactoryInitiator:50 - HHH000026: Second-level cache disabled
2024-06-10 18:11:39 INFO  SpringPersistenceUnitInfo:87 - No LoadTimeWeaver setup: ignoring JPA class transformer
2024-06-10 18:11:39 INFO  HikariDataSource:109 - HikariPool-1 - Starting...
2024-06-10 18:11:40 INFO  HikariPool:554 - HikariPool-1 - Added connection org.postgresql.jdbc.PgConnection@43bc0de6
2024-06-10 18:11:40 INFO  HikariDataSource:122 - HikariPool-1 - Start completed.
2024-06-10 18:11:40 WARN  deprecation:153 - HHH90000025: PostgreSQLDialect does not need to be specified explicitly using 'hibernate.dialect' (remove the property setting and it will be selected by default)
2024-06-10 18:11:41 INFO  JtaPlatformInitiator:59 - HHH000489: No JTA platform available (set 'hibernate.transaction.jta.platform' to enable JTA platform integration)
2024-06-10 18:11:41 INFO  LocalContainerEntityManagerFactoryBean:437 - Initialized JPA EntityManagerFactory for persistence unit 'default'
2024-06-10 18:11:41 WARN  JpaBaseConfiguration$JpaWebConfiguration:236 - spring.jpa.open-in-view is enabled by default. Therefore, database queries may be performed during view rendering. Explicitly configure spring.jpa.open-in-view to disable this warning
2024-06-10 18:11:42 INFO  OptionalLiveReloadServer:59 - LiveReload server is running on port 35729
2024-06-10 18:11:42 INFO  Http11NioProtocol:173 - Starting ProtocolHandler ["http-nio-8080"]
2024-06-10 18:11:42 INFO  TomcatWebServer:243 - Tomcat started on port 8080 (http) with context path '/'
2024-06-10 18:11:42 INFO  EmployeeApplication:56 - Started EmployeeApplication in 5.581 seconds (process running for 7.076)
2024-06-10 18:12:08 INFO  [/]:173 - Initializing Spring DispatcherServlet 'dispatcherServlet'
2024-06-10 18:12:08 INFO  DispatcherServlet:532 - Initializing Servlet 'dispatcherServlet'
2024-06-10 18:12:08 INFO  DispatcherServlet:554 - Completed initialization in 1 ms
2024-06-10 18:21:31 WARN  HikariPool:797 - HikariPool-1 - Thread starvation or clock leap detected (housekeeper delta=51s379ms764µs500ns).
2024-06-10 18:32:03 INFO  LocalContainerEntityManagerFactoryBean:650 - Closing JPA EntityManagerFactory for persistence unit 'default'
2024-06-10 18:32:03 INFO  HikariDataSource:349 - HikariPool-1 - Shutdown initiated...
2024-06-10 18:32:03 INFO  HikariDataSource:351 - HikariPool-1 - Shutdown completed.
